<?xml version="1.0" encoding="UTF-8"?>
<testng-results ignored="0" total="6" passed="6" failed="0" skipped="0">
  <reporter-output>
    <line>
      <![CDATA[[2022-07-02 09:18:51,369] OS name = windows 10
<br>]]>
    </line>
    <line>
      <![CDATA[[2022-07-02 09:18:51,370] Driver instance name = chromedriver: chrome on windows (c46aeb0b238f4b83a159592158a7f02c)
<br>]]>
    </line>
  </reporter-output>
  <suite started-at="2022-07-02T02:18:33Z" name="NopCommerce - User" finished-at="2022-07-02T02:18:52Z" duration-ms="19441">
    <groups>
    </groups>
    <test started-at="2022-07-02T02:18:33Z" name="Run on CHROME" finished-at="2022-07-02T02:18:52Z" duration-ms="19441">
      <class name="com.nopcommerce.user.Level_20_Fake_Data">
        <test-method is-config="true" signature="initBeforeSuite()[pri:0, instance:com.nopcommerce.user.Level_20_Fake_Data@24361cfc]" started-at="2022-07-02T02:18:32Z" name="initBeforeSuite" finished-at="2022-07-02T02:18:33Z" duration-ms="48" status="PASS">
          <reporter-output>
          </reporter-output>
        </test-method> <!-- initBeforeSuite -->
        <test-method is-config="true" signature="beforeClass(java.lang.String, java.lang.String)[pri:0, instance:com.nopcommerce.user.Level_20_Fake_Data@24361cfc]" started-at="2022-07-02T02:18:33Z" name="beforeClass" finished-at="2022-07-02T02:18:42Z" duration-ms="9881" status="PASS">
          <params>
            <param index="0">
              <value>
                <![CDATA[chrome]]>
              </value>
            </param>
            <param index="1">
              <value>
                <![CDATA[https://demo.nopcommerce.com/]]>
              </value>
            </param>
          </params>
          <reporter-output>
          </reporter-output>
        </test-method> <!-- beforeClass -->
        <test-method signature="Login_01_Empty_Data()[pri:0, instance:com.nopcommerce.user.Level_20_Fake_Data@24361cfc]" started-at="2022-07-02T02:18:42Z" name="Login_01_Empty_Data" finished-at="2022-07-02T02:18:43Z" duration-ms="903" status="PASS">
          <reporter-output>
          </reporter-output>
        </test-method> <!-- Login_01_Empty_Data -->
        <test-method signature="Login_02_Invalid_Email()[pri:0, instance:com.nopcommerce.user.Level_20_Fake_Data@24361cfc]" started-at="2022-07-02T02:18:44Z" name="Login_02_Invalid_Email" finished-at="2022-07-02T02:18:44Z" duration-ms="914" status="PASS">
          <reporter-output>
          </reporter-output>
        </test-method> <!-- Login_02_Invalid_Email -->
        <test-method signature="Login_03_Email_Not_Found()[pri:0, instance:com.nopcommerce.user.Level_20_Fake_Data@24361cfc]" started-at="2022-07-02T02:18:44Z" name="Login_03_Email_Not_Found" finished-at="2022-07-02T02:18:46Z" duration-ms="1216" status="PASS">
          <reporter-output>
          </reporter-output>
        </test-method> <!-- Login_03_Email_Not_Found -->
        <test-method signature="Login_04_Existing_Email_Empty_Password()[pri:0, instance:com.nopcommerce.user.Level_20_Fake_Data@24361cfc]" started-at="2022-07-02T02:18:46Z" name="Login_04_Existing_Email_Empty_Password" finished-at="2022-07-02T02:18:47Z" duration-ms="1369" status="PASS">
          <reporter-output>
          </reporter-output>
        </test-method> <!-- Login_04_Existing_Email_Empty_Password -->
        <test-method signature="Login_05_Existing_Email_Incorrect_Password()[pri:0, instance:com.nopcommerce.user.Level_20_Fake_Data@24361cfc]" started-at="2022-07-02T02:18:47Z" name="Login_05_Existing_Email_Incorrect_Password" finished-at="2022-07-02T02:18:49Z" duration-ms="1347" status="PASS">
          <reporter-output>
          </reporter-output>
        </test-method> <!-- Login_05_Existing_Email_Incorrect_Password -->
        <test-method signature="Login_06_Valid_Email_Password()[pri:0, instance:com.nopcommerce.user.Level_20_Fake_Data@24361cfc]" started-at="2022-07-02T02:18:49Z" name="Login_06_Valid_Email_Password" finished-at="2022-07-02T02:18:51Z" duration-ms="2351" status="PASS">
          <reporter-output>
          </reporter-output>
        </test-method> <!-- Login_06_Valid_Email_Password -->
        <test-method is-config="true" signature="afterClass()[pri:0, instance:com.nopcommerce.user.Level_20_Fake_Data@24361cfc]" started-at="2022-07-02T02:18:51Z" name="afterClass" finished-at="2022-07-02T02:18:52Z" duration-ms="1110" status="PASS">
          <reporter-output>
            <line>
              <![CDATA[[2022-07-02 09:18:51,369] OS name = windows 10
<br>]]>
            </line>
            <line>
              <![CDATA[[2022-07-02 09:18:51,370] Driver instance name = chromedriver: chrome on windows (c46aeb0b238f4b83a159592158a7f02c)
<br>]]>
            </line>
          </reporter-output>
        </test-method> <!-- afterClass -->
      </class> <!-- com.nopcommerce.user.Level_20_Fake_Data -->
    </test> <!-- Run on CHROME -->
  </suite> <!-- NopCommerce - User -->
</testng-results>
