<?xml version="1.0" encoding="UTF-8"?>
<testsuite xmlns:xsi="http://www.w3.org/2001/XMLSchema-instance" xsi:noNamespaceSchemaLocation="https://maven.apache.org/surefire/maven-surefire-plugin/xsd/surefire-test-report.xsd" name="TestSuite" time="21.547" tests="6" errors="0" skipped="0" failures="0">
  <properties>
[...]
</properties>
  <testcase name="Login_01_Empty_Data" classname="com.nopcommerce.user.Level_20_Fake_Data" time="0.903"/>
  <testcase name="Login_02_Invalid_Email" classname="com.nopcommerce.user.Level_20_Fake_Data" time="0.915"/>
  <testcase name="Login_03_Email_Not_Found" classname="com.nopcommerce.user.Level_20_Fake_Data" time="1.231"/>
  <testcase name="Login_04_Existing_Email_Empty_Password" classname="com.nopcommerce.user.Level_20_Fake_Data" time="1.368"/>
  <testcase name="Login_05_Existing_Email_Incorrect_Password" classname="com.nopcommerce.user.Level_20_Fake_Data" time="1.348"/>
  <testcase name="Login_06_Valid_Email_Password" classname="com.nopcommerce.user.Level_20_Fake_Data" time="2.35"/>
</testsuite>